  [1m[35m (589.6ms)[0m  [1m[35mCREATE DATABASE "goals_app_development" ENCODING = 'unicode'[0m
  ↳ bin/rails:9
  [1m[35m (1257.0ms)[0m  [1m[35mCREATE DATABASE "goals_app_test" ENCODING = 'unicode'[0m
  ↳ bin/rails:9
  [1m[35m (291.2ms)[0m  [1m[35mCREATE DATABASE "goals_app_development" ENCODING = 'unicode'[0m
  ↳ bin/rails:9
  [1m[35m (203.1ms)[0m  [1m[35mCREATE DATABASE "goals_app_test" ENCODING = 'unicode'[0m
  ↳ bin/rails:9
  [1m[35m (51.6ms)[0m  [1m[35mCREATE TABLE "schema_migrations" ("version" character varying NOT NULL PRIMARY KEY)[0m
  ↳ bin/rails:9
  [1m[35m (24.7ms)[0m  [1m[35mCREATE TABLE "ar_internal_metadata" ("key" character varying NOT NULL PRIMARY KEY, "value" character varying, "created_at" timestamp NOT NULL, "updated_at" timestamp NOT NULL)[0m
  ↳ bin/rails:9
  [1m[35m (1.2ms)[0m  [1m[34mSELECT pg_try_advisory_lock(3322438552325991840)[0m
  ↳ bin/rails:9
  [1m[35m (1.4ms)[0m  [1m[34mSELECT "schema_migrations"."version" FROM "schema_migrations" ORDER BY "schema_migrations"."version" ASC[0m
  ↳ bin/rails:9
Migrating to CreateUsers (20210818204045)
  [1m[35m (6.3ms)[0m  [1m[35mBEGIN[0m
  ↳ bin/rails:9
  [1m[35m (26.3ms)[0m  [1m[35mCREATE TABLE "users" ("id" bigserial primary key, "username" character varying NOT NULL, "password_digest" character varying NOT NULL, "session_token" character varying NOT NULL, "created_at" timestamp NOT NULL, "updated_at" timestamp NOT NULL)[0m
  ↳ db/migrate/20210818204045_create_users.rb:3
  [1m[35m (1.7ms)[0m  [1m[35mCREATE UNIQUE INDEX  "index_users_on_username" ON "users"  ("username")[0m
  ↳ db/migrate/20210818204045_create_users.rb:9
  [1m[35m (19.4ms)[0m  [1m[35mCREATE  INDEX  "index_users_on_password_digest" ON "users"  ("password_digest")[0m
  ↳ db/migrate/20210818204045_create_users.rb:10
  [1m[35m (1.4ms)[0m  [1m[35mCREATE UNIQUE INDEX  "index_users_on_session_token" ON "users"  ("session_token")[0m
  ↳ db/migrate/20210818204045_create_users.rb:11
  [1m[36mActiveRecord::SchemaMigration Create (6.2ms)[0m  [1m[32mINSERT INTO "schema_migrations" ("version") VALUES ($1) RETURNING "version"[0m  [["version", "20210818204045"]]
  ↳ bin/rails:9
  [1m[35m (0.7ms)[0m  [1m[35mCOMMIT[0m
  ↳ bin/rails:9
  [1m[36mActiveRecord::InternalMetadata Load (1.0ms)[0m  [1m[34mSELECT  "ar_internal_metadata".* FROM "ar_internal_metadata" WHERE "ar_internal_metadata"."key" = $1 LIMIT $2[0m  [["key", "environment"], ["LIMIT", 1]]
  ↳ bin/rails:9
  [1m[35m (0.1ms)[0m  [1m[35mBEGIN[0m
  ↳ bin/rails:9
  [1m[36mActiveRecord::InternalMetadata Create (6.7ms)[0m  [1m[32mINSERT INTO "ar_internal_metadata" ("key", "value", "created_at", "updated_at") VALUES ($1, $2, $3, $4) RETURNING "key"[0m  [["key", "environment"], ["value", "development"], ["created_at", "2021-08-18 20:58:34.449549"], ["updated_at", "2021-08-18 20:58:34.449549"]]
  ↳ bin/rails:9
  [1m[35m (6.2ms)[0m  [1m[35mCOMMIT[0m
  ↳ bin/rails:9
  [1m[35m (0.3ms)[0m  [1m[34mSELECT pg_advisory_unlock(3322438552325991840)[0m
  ↳ bin/rails:9
  [1m[35m (5.1ms)[0m  [1m[34mSELECT "schema_migrations"."version" FROM "schema_migrations" ORDER BY "schema_migrations"."version" ASC[0m
  ↳ bin/rails:9
Started GET "/users/new" for ::1 at 2021-08-18 15:25:11 -0700
  [1m[35m (2.3ms)[0m  [1m[34mSELECT "schema_migrations"."version" FROM "schema_migrations" ORDER BY "schema_migrations"."version" ASC[0m
  ↳ /Users/maisiebruno-tyne/.rbenv/versions/2.5.1/lib/ruby/gems/2.5.0/gems/activerecord-5.2.6/lib/active_record/log_subscriber.rb:98
  
ActionController::RoutingError (uninitialized constant UsersController):
  
activesupport (5.2.6) lib/active_support/inflector/methods.rb:283:in `const_get'
activesupport (5.2.6) lib/active_support/inflector/methods.rb:283:in `block in constantize'
activesupport (5.2.6) lib/active_support/inflector/methods.rb:281:in `each'
activesupport (5.2.6) lib/active_support/inflector/methods.rb:281:in `inject'
activesupport (5.2.6) lib/active_support/inflector/methods.rb:281:in `constantize'
actionpack (5.2.6) lib/action_dispatch/http/request.rb:88:in `controller_class_for'
actionpack (5.2.6) lib/action_dispatch/http/request.rb:81:in `controller_class'
actionpack (5.2.6) lib/action_dispatch/routing/route_set.rb:46:in `controller'
actionpack (5.2.6) lib/action_dispatch/routing/route_set.rb:32:in `serve'
actionpack (5.2.6) lib/action_dispatch/journey/router.rb:52:in `block in serve'
actionpack (5.2.6) lib/action_dispatch/journey/router.rb:35:in `each'
actionpack (5.2.6) lib/action_dispatch/journey/router.rb:35:in `serve'
actionpack (5.2.6) lib/action_dispatch/routing/route_set.rb:840:in `call'
rack (2.2.3) lib/rack/tempfile_reaper.rb:15:in `call'
rack (2.2.3) lib/rack/etag.rb:27:in `call'
rack (2.2.3) lib/rack/conditional_get.rb:27:in `call'
rack (2.2.3) lib/rack/head.rb:12:in `call'
actionpack (5.2.6) lib/action_dispatch/http/content_security_policy.rb:18:in `call'
rack (2.2.3) lib/rack/session/abstract/id.rb:266:in `context'
rack (2.2.3) lib/rack/session/abstract/id.rb:260:in `call'
actionpack (5.2.6) lib/action_dispatch/middleware/cookies.rb:670:in `call'
activerecord (5.2.6) lib/active_record/migration.rb:559:in `call'
actionpack (5.2.6) lib/action_dispatch/middleware/callbacks.rb:28:in `block in call'
activesupport (5.2.6) lib/active_support/callbacks.rb:98:in `run_callbacks'
actionpack (5.2.6) lib/action_dispatch/middleware/callbacks.rb:26:in `call'
actionpack (5.2.6) lib/action_dispatch/middleware/executor.rb:14:in `call'
actionpack (5.2.6) lib/action_dispatch/middleware/debug_exceptions.rb:61:in `call'
web-console (3.7.0) lib/web_console/middleware.rb:135:in `call_app'
web-console (3.7.0) lib/web_console/middleware.rb:30:in `block in call'
web-console (3.7.0) lib/web_console/middleware.rb:20:in `catch'
web-console (3.7.0) lib/web_console/middleware.rb:20:in `call'
actionpack (5.2.6) lib/action_dispatch/middleware/show_exceptions.rb:33:in `call'
railties (5.2.6) lib/rails/rack/logger.rb:38:in `call_app'
railties (5.2.6) lib/rails/rack/logger.rb:26:in `block in call'
activesupport (5.2.6) lib/active_support/tagged_logging.rb:71:in `block in tagged'
activesupport (5.2.6) lib/active_support/tagged_logging.rb:28:in `tagged'
activesupport (5.2.6) lib/active_support/tagged_logging.rb:71:in `tagged'
railties (5.2.6) lib/rails/rack/logger.rb:26:in `call'
sprockets-rails (3.2.2) lib/sprockets/rails/quiet_assets.rb:13:in `call'
actionpack (5.2.6) lib/action_dispatch/middleware/remote_ip.rb:81:in `call'
actionpack (5.2.6) lib/action_dispatch/middleware/request_id.rb:27:in `call'
rack (2.2.3) lib/rack/method_override.rb:24:in `call'
rack (2.2.3) lib/rack/runtime.rb:22:in `call'
activesupport (5.2.6) lib/active_support/cache/strategy/local_cache_middleware.rb:29:in `call'
actionpack (5.2.6) lib/action_dispatch/middleware/executor.rb:14:in `call'
actionpack (5.2.6) lib/action_dispatch/middleware/static.rb:127:in `call'
rack (2.2.3) lib/rack/sendfile.rb:110:in `call'
railties (5.2.6) lib/rails/engine.rb:524:in `call'
puma (3.12.6) lib/puma/configuration.rb:227:in `call'
puma (3.12.6) lib/puma/server.rb:706:in `handle_request'
puma (3.12.6) lib/puma/server.rb:476:in `process_client'
puma (3.12.6) lib/puma/server.rb:334:in `block in run'
puma (3.12.6) lib/puma/thread_pool.rb:135:in `block in spawn_thread'
Started GET "/users/new" for ::1 at 2021-08-18 15:26:16 -0700
  
SyntaxError (/Users/maisiebruno-tyne/APP_ACADEMY_FILES/WEEK_7/w7d3/goals_app/app/helpers/application_helper.rb:10: syntax error, unexpected keyword_end, expecting end-of-input):
  
app/helpers/application_helper.rb:10: syntax error, unexpected keyword_end, expecting end-of-input
app/controllers/application_controller.rb:1:in `<top (required)>'
app/controllers/users_controller.rb:1:in `<top (required)>'
Started GET "/users/new" for ::1 at 2021-08-18 15:26:37 -0700
Processing by UsersController#new as HTML
Completed 500 Internal Server Error in 62ms (ActiveRecord: 38.3ms)


  
ActionView::MissingTemplate (Missing template users/new, application/new with {:locale=>[:en], :formats=>[:html], :variants=>[], :handlers=>[:raw, :erb, :html, :builder, :ruby, :coffee, :jbuilder]}. Searched in:
  * "/Users/maisiebruno-tyne/APP_ACADEMY_FILES/WEEK_7/w7d3/goals_app/app/views"
):
  
app/controllers/users_controller.rb:5:in `new'
Started GET "/users/new" for ::1 at 2021-08-18 15:27:37 -0700
Processing by UsersController#new as HTML
  Rendering users/new.html.erb within layouts/application
  Rendered users/new.html.erb within layouts/application (588.3ms)
Completed 500 Internal Server Error in 606ms (ActiveRecord: 0.0ms)


  
ActionView::Template::Error (undefined local variable or method `user' for #<#<Class:0x00007f92d6c16ea0>:0x00007f92d5db5208>
Did you mean?  @user):
     6:   <%= auth_token %>
     7:   
     8:   <label for='username'>Username:</label>
     9:   <input id='username' type='text' name='[user][username]' value='<% user.username %>'>
    10: 
    11:   <label for='password'>Username:</label>
    12:   <input id='password' type='text' name='[user][password]' value='<% user.password %>'>
  
app/views/users/new.html.erb:9:in `_app_views_users_new_html_erb___1721002879420626320_70134310153840'
app/controllers/users_controller.rb:5:in `new'
Started GET "/users/new" for ::1 at 2021-08-18 15:28:06 -0700
Processing by UsersController#new as HTML
  Rendering users/new.html.erb within layouts/application
  Rendered users/new.html.erb within layouts/application (1.2ms)
Completed 200 OK in 1724ms (Views: 1723.1ms | ActiveRecord: 0.0ms)


Started GET "/users/new" for ::1 at 2021-08-18 15:28:28 -0700
Processing by UsersController#new as HTML
  Rendering users/new.html.erb within layouts/application
  Rendered users/new.html.erb within layouts/application (1.2ms)
Completed 200 OK in 73ms (Views: 72.1ms | ActiveRecord: 0.0ms)


Started GET "/users?authenticity_token=VKxmGxi1F9iKD26%2BPDfW6z8fx15l%2FHxLvScyqhMcPL%2FCnsUpgS77vPoKVaVQaJuWIv4rEpaHKX2ezkgVDOjmgg%3D%3D&%5Buser%5D%5Busername%5D=maisie&%5Buser%5D%5Bpassword%5D=[FILTERED]" for ::1 at 2021-08-18 15:32:36 -0700
  [1m[35m (2.1ms)[0m  [1m[34mSELECT "schema_migrations"."version" FROM "schema_migrations" ORDER BY "schema_migrations"."version" ASC[0m
  ↳ /Users/maisiebruno-tyne/.rbenv/versions/2.5.1/lib/ruby/gems/2.5.0/gems/activerecord-5.2.6/lib/active_record/log_subscriber.rb:98
  
ActionController::RoutingError (No route matches [GET] "/users"):
  
actionpack (5.2.6) lib/action_dispatch/middleware/debug_exceptions.rb:65:in `call'
web-console (3.7.0) lib/web_console/middleware.rb:135:in `call_app'
web-console (3.7.0) lib/web_console/middleware.rb:30:in `block in call'
web-console (3.7.0) lib/web_console/middleware.rb:20:in `catch'
web-console (3.7.0) lib/web_console/middleware.rb:20:in `call'
actionpack (5.2.6) lib/action_dispatch/middleware/show_exceptions.rb:33:in `call'
railties (5.2.6) lib/rails/rack/logger.rb:38:in `call_app'
railties (5.2.6) lib/rails/rack/logger.rb:26:in `block in call'
activesupport (5.2.6) lib/active_support/tagged_logging.rb:71:in `block in tagged'
activesupport (5.2.6) lib/active_support/tagged_logging.rb:28:in `tagged'
activesupport (5.2.6) lib/active_support/tagged_logging.rb:71:in `tagged'
railties (5.2.6) lib/rails/rack/logger.rb:26:in `call'
sprockets-rails (3.2.2) lib/sprockets/rails/quiet_assets.rb:13:in `call'
actionpack (5.2.6) lib/action_dispatch/middleware/remote_ip.rb:81:in `call'
actionpack (5.2.6) lib/action_dispatch/middleware/request_id.rb:27:in `call'
rack (2.2.3) lib/rack/method_override.rb:24:in `call'
rack (2.2.3) lib/rack/runtime.rb:22:in `call'
activesupport (5.2.6) lib/active_support/cache/strategy/local_cache_middleware.rb:29:in `call'
actionpack (5.2.6) lib/action_dispatch/middleware/executor.rb:14:in `call'
actionpack (5.2.6) lib/action_dispatch/middleware/static.rb:127:in `call'
rack (2.2.3) lib/rack/sendfile.rb:110:in `call'
railties (5.2.6) lib/rails/engine.rb:524:in `call'
puma (3.12.6) lib/puma/configuration.rb:227:in `call'
puma (3.12.6) lib/puma/server.rb:706:in `handle_request'
puma (3.12.6) lib/puma/server.rb:476:in `process_client'
puma (3.12.6) lib/puma/server.rb:334:in `block in run'
puma (3.12.6) lib/puma/thread_pool.rb:135:in `block in spawn_thread'
Started GET "/users?authenticity_token=VKxmGxi1F9iKD26%2BPDfW6z8fx15l%2FHxLvScyqhMcPL%2FCnsUpgS77vPoKVaVQaJuWIv4rEpaHKX2ezkgVDOjmgg%3D%3D&%5Buser%5D%5Busername%5D=maisie&%5Buser%5D%5Bpassword%5D=[FILTERED]" for ::1 at 2021-08-18 15:32:44 -0700
  
ActionController::RoutingError (No route matches [GET] "/users"):
  
actionpack (5.2.6) lib/action_dispatch/middleware/debug_exceptions.rb:65:in `call'
web-console (3.7.0) lib/web_console/middleware.rb:135:in `call_app'
web-console (3.7.0) lib/web_console/middleware.rb:30:in `block in call'
web-console (3.7.0) lib/web_console/middleware.rb:20:in `catch'
web-console (3.7.0) lib/web_console/middleware.rb:20:in `call'
actionpack (5.2.6) lib/action_dispatch/middleware/show_exceptions.rb:33:in `call'
railties (5.2.6) lib/rails/rack/logger.rb:38:in `call_app'
railties (5.2.6) lib/rails/rack/logger.rb:26:in `block in call'
activesupport (5.2.6) lib/active_support/tagged_logging.rb:71:in `block in tagged'
activesupport (5.2.6) lib/active_support/tagged_logging.rb:28:in `tagged'
activesupport (5.2.6) lib/active_support/tagged_logging.rb:71:in `tagged'
railties (5.2.6) lib/rails/rack/logger.rb:26:in `call'
sprockets-rails (3.2.2) lib/sprockets/rails/quiet_assets.rb:13:in `call'
actionpack (5.2.6) lib/action_dispatch/middleware/remote_ip.rb:81:in `call'
actionpack (5.2.6) lib/action_dispatch/middleware/request_id.rb:27:in `call'
rack (2.2.3) lib/rack/method_override.rb:24:in `call'
rack (2.2.3) lib/rack/runtime.rb:22:in `call'
activesupport (5.2.6) lib/active_support/cache/strategy/local_cache_middleware.rb:29:in `call'
actionpack (5.2.6) lib/action_dispatch/middleware/executor.rb:14:in `call'
actionpack (5.2.6) lib/action_dispatch/middleware/static.rb:127:in `call'
rack (2.2.3) lib/rack/sendfile.rb:110:in `call'
railties (5.2.6) lib/rails/engine.rb:524:in `call'
puma (3.12.6) lib/puma/configuration.rb:227:in `call'
puma (3.12.6) lib/puma/server.rb:706:in `handle_request'
puma (3.12.6) lib/puma/server.rb:476:in `process_client'
puma (3.12.6) lib/puma/server.rb:334:in `block in run'
puma (3.12.6) lib/puma/thread_pool.rb:135:in `block in spawn_thread'
Started GET "/users/new" for ::1 at 2021-08-18 15:33:16 -0700
Processing by UsersController#new as HTML
  Rendering users/new.html.erb within layouts/application
  Rendered users/new.html.erb within layouts/application (1.1ms)
Completed 200 OK in 426ms (Views: 385.8ms | ActiveRecord: 16.5ms)


Started GET "/users?authenticity_token=qk6aHI0iJ8UPFsJLUrTVoG29DTNqwIr%2F%2F3QvpUrs7%2B88fDkuFLnLoX8T%2BVA%2B65jdcFzhf5m738ncnVUaVRg10g%3D%3D&%5Buser%5D%5Busername%5D=maisie&%5Buser%5D%5Bpassword%5D=[FILTERED]" for ::1 at 2021-08-18 15:33:27 -0700
  
ActionController::RoutingError (No route matches [GET] "/users"):
  
actionpack (5.2.6) lib/action_dispatch/middleware/debug_exceptions.rb:65:in `call'
web-console (3.7.0) lib/web_console/middleware.rb:135:in `call_app'
web-console (3.7.0) lib/web_console/middleware.rb:30:in `block in call'
web-console (3.7.0) lib/web_console/middleware.rb:20:in `catch'
web-console (3.7.0) lib/web_console/middleware.rb:20:in `call'
actionpack (5.2.6) lib/action_dispatch/middleware/show_exceptions.rb:33:in `call'
railties (5.2.6) lib/rails/rack/logger.rb:38:in `call_app'
railties (5.2.6) lib/rails/rack/logger.rb:26:in `block in call'
activesupport (5.2.6) lib/active_support/tagged_logging.rb:71:in `block in tagged'
activesupport (5.2.6) lib/active_support/tagged_logging.rb:28:in `tagged'
activesupport (5.2.6) lib/active_support/tagged_logging.rb:71:in `tagged'
railties (5.2.6) lib/rails/rack/logger.rb:26:in `call'
sprockets-rails (3.2.2) lib/sprockets/rails/quiet_assets.rb:13:in `call'
actionpack (5.2.6) lib/action_dispatch/middleware/remote_ip.rb:81:in `call'
actionpack (5.2.6) lib/action_dispatch/middleware/request_id.rb:27:in `call'
rack (2.2.3) lib/rack/method_override.rb:24:in `call'
rack (2.2.3) lib/rack/runtime.rb:22:in `call'
activesupport (5.2.6) lib/active_support/cache/strategy/local_cache_middleware.rb:29:in `call'
actionpack (5.2.6) lib/action_dispatch/middleware/executor.rb:14:in `call'
actionpack (5.2.6) lib/action_dispatch/middleware/static.rb:127:in `call'
rack (2.2.3) lib/rack/sendfile.rb:110:in `call'
railties (5.2.6) lib/rails/engine.rb:524:in `call'
puma (3.12.6) lib/puma/configuration.rb:227:in `call'
puma (3.12.6) lib/puma/server.rb:706:in `handle_request'
puma (3.12.6) lib/puma/server.rb:476:in `process_client'
puma (3.12.6) lib/puma/server.rb:334:in `block in run'
puma (3.12.6) lib/puma/thread_pool.rb:135:in `block in spawn_thread'
Started GET "/users?authenticity_token=qk6aHI0iJ8UPFsJLUrTVoG29DTNqwIr%2F%2F3QvpUrs7%2B88fDkuFLnLoX8T%2BVA%2B65jdcFzhf5m738ncnVUaVRg10g%3D%3D&%5Buser%5D%5Busername%5D=maisie&%5Buser%5D%5Bpassword%5D=[FILTERED]" for ::1 at 2021-08-18 15:38:24 -0700
Processing by UsersController#index as HTML
  Parameters: {"authenticity_token"=>"qk6aHI0iJ8UPFsJLUrTVoG29DTNqwIr//3QvpUrs7+88fDkuFLnLoX8T+VA+65jdcFzhf5m738ncnVUaVRg10g==", "user"=>{"username"=>"maisie", "password"=>"[FILTERED]"}}
  Rendering users/index.html.erb within layouts/application
  Rendered users/index.html.erb within layouts/application (0.4ms)
Completed 200 OK in 47ms (Views: 41.7ms | ActiveRecord: 0.0ms)


Started GET "/users?authenticity_token=qk6aHI0iJ8UPFsJLUrTVoG29DTNqwIr%2F%2F3QvpUrs7%2B88fDkuFLnLoX8T%2BVA%2B65jdcFzhf5m738ncnVUaVRg10g%3D%3D&%5Buser%5D%5Busername%5D=maisie&%5Buser%5D%5Bpassword%5D=[FILTERED]" for ::1 at 2021-08-18 15:39:21 -0700
Processing by UsersController#index as HTML
  Parameters: {"authenticity_token"=>"qk6aHI0iJ8UPFsJLUrTVoG29DTNqwIr//3QvpUrs7+88fDkuFLnLoX8T+VA+65jdcFzhf5m738ncnVUaVRg10g==", "user"=>{"username"=>"maisie", "password"=>"[FILTERED]"}}
  Rendering users/index.html.erb within layouts/application
  Rendered users/index.html.erb within layouts/application (0.3ms)
Completed 200 OK in 34ms (Views: 29.9ms | ActiveRecord: 0.0ms)


Started GET "/users/new" for ::1 at 2021-08-18 15:39:42 -0700
  [1m[35m (1.0ms)[0m  [1m[34mSELECT "schema_migrations"."version" FROM "schema_migrations" ORDER BY "schema_migrations"."version" ASC[0m
  ↳ /Users/maisiebruno-tyne/.rbenv/versions/2.5.1/lib/ruby/gems/2.5.0/gems/activerecord-5.2.6/lib/active_record/log_subscriber.rb:98
Processing by UsersController#new as HTML
  Rendering users/new.html.erb within layouts/application
  Rendered users/new.html.erb within layouts/application (2.3ms)
Completed 200 OK in 391ms (Views: 350.4ms | ActiveRecord: 16.5ms)


Started GET "/users?authenticity_token=BsIpcOz%2BNm6zWTmagP4MblcIebFXGpkww2zvgwDCoJaQ8IpCdWXaCsNcAoHsoUETSumV%2FaRhzAbghZU8HzZ6qw%3D%3D&%5Buser%5D%5Busername%5D=maisie&%5Buser%5D%5Bpassword%5D=[FILTERED]" for ::1 at 2021-08-18 15:39:51 -0700
Processing by UsersController#index as HTML
  Parameters: {"authenticity_token"=>"BsIpcOz+Nm6zWTmagP4MblcIebFXGpkww2zvgwDCoJaQ8IpCdWXaCsNcAoHsoUETSumV/aRhzAbghZU8HzZ6qw==", "user"=>{"username"=>"maisie", "password"=>"[FILTERED]"}}
  Rendering users/index.html.erb within layouts/application
  Rendered users/index.html.erb within layouts/application (2.0ms)
Completed 200 OK in 90ms (Views: 88.4ms | ActiveRecord: 0.0ms)


Started GET "/users?authenticity_token=BsIpcOz%2BNm6zWTmagP4MblcIebFXGpkww2zvgwDCoJaQ8IpCdWXaCsNcAoHsoUETSumV%2FaRhzAbghZU8HzZ6qw%3D%3D&%5Buser%5D%5Busername%5D=maisie&%5Buser%5D%5Bpassword%5D=[FILTERED]" for ::1 at 2021-08-18 15:41:09 -0700
Processing by UsersController#index as HTML
  Parameters: {"authenticity_token"=>"BsIpcOz+Nm6zWTmagP4MblcIebFXGpkww2zvgwDCoJaQ8IpCdWXaCsNcAoHsoUETSumV/aRhzAbghZU8HzZ6qw==", "user"=>{"username"=>"maisie", "password"=>"[FILTERED]"}}
  Rendering users/index.html.erb within layouts/application
  Rendered users/index.html.erb within layouts/application (0.7ms)
Completed 200 OK in 48ms (Views: 42.8ms | ActiveRecord: 0.0ms)


Started GET "/users?authenticity_token=BsIpcOz%2BNm6zWTmagP4MblcIebFXGpkww2zvgwDCoJaQ8IpCdWXaCsNcAoHsoUETSumV%2FaRhzAbghZU8HzZ6qw%3D%3D&%5Buser%5D%5Busername%5D=maisie&%5Buser%5D%5Bpassword%5D=[FILTERED]" for ::1 at 2021-08-18 15:41:56 -0700
Processing by UsersController#index as HTML
  Parameters: {"authenticity_token"=>"BsIpcOz+Nm6zWTmagP4MblcIebFXGpkww2zvgwDCoJaQ8IpCdWXaCsNcAoHsoUETSumV/aRhzAbghZU8HzZ6qw==", "user"=>{"username"=>"maisie", "password"=>"[FILTERED]"}}
  Rendering users/index.html.erb within layouts/application
  Rendered users/index.html.erb within layouts/application (1.0ms)
Completed 200 OK in 40ms (Views: 33.9ms | ActiveRecord: 0.0ms)


Started GET "/users?authenticity_token=BsIpcOz%2BNm6zWTmagP4MblcIebFXGpkww2zvgwDCoJaQ8IpCdWXaCsNcAoHsoUETSumV%2FaRhzAbghZU8HzZ6qw%3D%3D&%5Buser%5D%5Busername%5D=maisie&%5Buser%5D%5Bpassword%5D=[FILTERED]" for ::1 at 2021-08-18 15:42:49 -0700
Processing by UsersController#index as HTML
  Parameters: {"authenticity_token"=>"BsIpcOz+Nm6zWTmagP4MblcIebFXGpkww2zvgwDCoJaQ8IpCdWXaCsNcAoHsoUETSumV/aRhzAbghZU8HzZ6qw==", "user"=>{"username"=>"maisie", "password"=>"[FILTERED]"}}
  Rendering users/index.html.erb within layouts/application
  Rendered users/index.html.erb within layouts/application (0.4ms)
Completed 200 OK in 97ms (Views: 95.7ms | ActiveRecord: 0.0ms)


Started GET "/users?authenticity_token=BsIpcOz%2BNm6zWTmagP4MblcIebFXGpkww2zvgwDCoJaQ8IpCdWXaCsNcAoHsoUETSumV%2FaRhzAbghZU8HzZ6qw%3D%3D&%5Buser%5D%5Busername%5D=maisie&%5Buser%5D%5Bpassword%5D=[FILTERED]" for ::1 at 2021-08-18 15:43:14 -0700
  [1m[35m (1.1ms)[0m  [1m[34mSELECT "schema_migrations"."version" FROM "schema_migrations" ORDER BY "schema_migrations"."version" ASC[0m
  ↳ /Users/maisiebruno-tyne/.rbenv/versions/2.5.1/lib/ruby/gems/2.5.0/gems/activerecord-5.2.6/lib/active_record/log_subscriber.rb:98
Processing by UsersController#index as HTML
  Parameters: {"authenticity_token"=>"BsIpcOz+Nm6zWTmagP4MblcIebFXGpkww2zvgwDCoJaQ8IpCdWXaCsNcAoHsoUETSumV/aRhzAbghZU8HzZ6qw==", "user"=>{"username"=>"maisie", "password"=>"[FILTERED]"}}
  Rendering users/index.html.erb within layouts/application
  Rendered users/index.html.erb within layouts/application (1.2ms)
Completed 200 OK in 375ms (Views: 357.6ms | ActiveRecord: 0.0ms)


Started GET "/users/new" for ::1 at 2021-08-18 15:43:37 -0700
Processing by UsersController#new as HTML
  Rendering users/new.html.erb within layouts/application
  Rendered users/new.html.erb within layouts/application (19.0ms)
Completed 500 Internal Server Error in 87ms (ActiveRecord: 37.3ms)


  
ActionView::Template::Error (No route matches {:action=>"show", :controller=>"users"}, missing required keys: [:id]):
    2: 
    3: <h1>Sign Up!<h1>
    4: 
    5: <form action='<%= user_url %>'>
    6:   <%= auth_token %>
    7:   
    8:   <label for='username'>Username:</label>
  
app/views/users/new.html.erb:5:in `_app_views_users_new_html_erb___3930981629405696046_70321348789240'
app/controllers/users_controller.rb:5:in `new'
Started GET "/users/new" for ::1 at 2021-08-18 16:10:56 -0700
  
ActiveRecord::PendingMigrationError (

Migrations are pending. To resolve this issue, run:

        bin/rails db:migrate RAILS_ENV=development

):
  
activerecord (5.2.6) lib/active_record/migration.rb:579:in `check_pending!'
activerecord (5.2.6) lib/active_record/migration.rb:556:in `call'
actionpack (5.2.6) lib/action_dispatch/middleware/callbacks.rb:28:in `block in call'
activesupport (5.2.6) lib/active_support/callbacks.rb:98:in `run_callbacks'
actionpack (5.2.6) lib/action_dispatch/middleware/callbacks.rb:26:in `call'
actionpack (5.2.6) lib/action_dispatch/middleware/executor.rb:14:in `call'
actionpack (5.2.6) lib/action_dispatch/middleware/debug_exceptions.rb:61:in `call'
web-console (3.7.0) lib/web_console/middleware.rb:135:in `call_app'
web-console (3.7.0) lib/web_console/middleware.rb:30:in `block in call'
web-console (3.7.0) lib/web_console/middleware.rb:20:in `catch'
web-console (3.7.0) lib/web_console/middleware.rb:20:in `call'
actionpack (5.2.6) lib/action_dispatch/middleware/show_exceptions.rb:33:in `call'
railties (5.2.6) lib/rails/rack/logger.rb:38:in `call_app'
railties (5.2.6) lib/rails/rack/logger.rb:26:in `block in call'
activesupport (5.2.6) lib/active_support/tagged_logging.rb:71:in `block in tagged'
activesupport (5.2.6) lib/active_support/tagged_logging.rb:28:in `tagged'
activesupport (5.2.6) lib/active_support/tagged_logging.rb:71:in `tagged'
railties (5.2.6) lib/rails/rack/logger.rb:26:in `call'
sprockets-rails (3.2.2) lib/sprockets/rails/quiet_assets.rb:13:in `call'
actionpack (5.2.6) lib/action_dispatch/middleware/remote_ip.rb:81:in `call'
actionpack (5.2.6) lib/action_dispatch/middleware/request_id.rb:27:in `call'
rack (2.2.3) lib/rack/method_override.rb:24:in `call'
rack (2.2.3) lib/rack/runtime.rb:22:in `call'
activesupport (5.2.6) lib/active_support/cache/strategy/local_cache_middleware.rb:29:in `call'
actionpack (5.2.6) lib/action_dispatch/middleware/executor.rb:14:in `call'
actionpack (5.2.6) lib/action_dispatch/middleware/static.rb:127:in `call'
rack (2.2.3) lib/rack/sendfile.rb:110:in `call'
railties (5.2.6) lib/rails/engine.rb:524:in `call'
puma (3.12.6) lib/puma/configuration.rb:227:in `call'
puma (3.12.6) lib/puma/server.rb:706:in `handle_request'
puma (3.12.6) lib/puma/server.rb:476:in `process_client'
puma (3.12.6) lib/puma/server.rb:334:in `block in run'
puma (3.12.6) lib/puma/thread_pool.rb:135:in `block in spawn_thread'
Started GET "/users/new" for ::1 at 2021-08-18 16:11:27 -0700
  
ActiveRecord::PendingMigrationError (

Migrations are pending. To resolve this issue, run:

        bin/rails db:migrate RAILS_ENV=development

):
  
activerecord (5.2.6) lib/active_record/migration.rb:579:in `check_pending!'
activerecord (5.2.6) lib/active_record/migration.rb:556:in `call'
actionpack (5.2.6) lib/action_dispatch/middleware/callbacks.rb:28:in `block in call'
activesupport (5.2.6) lib/active_support/callbacks.rb:98:in `run_callbacks'
actionpack (5.2.6) lib/action_dispatch/middleware/callbacks.rb:26:in `call'
actionpack (5.2.6) lib/action_dispatch/middleware/executor.rb:14:in `call'
actionpack (5.2.6) lib/action_dispatch/middleware/debug_exceptions.rb:61:in `call'
web-console (3.7.0) lib/web_console/middleware.rb:135:in `call_app'
web-console (3.7.0) lib/web_console/middleware.rb:30:in `block in call'
web-console (3.7.0) lib/web_console/middleware.rb:20:in `catch'
web-console (3.7.0) lib/web_console/middleware.rb:20:in `call'
actionpack (5.2.6) lib/action_dispatch/middleware/show_exceptions.rb:33:in `call'
railties (5.2.6) lib/rails/rack/logger.rb:38:in `call_app'
railties (5.2.6) lib/rails/rack/logger.rb:26:in `block in call'
activesupport (5.2.6) lib/active_support/tagged_logging.rb:71:in `block in tagged'
activesupport (5.2.6) lib/active_support/tagged_logging.rb:28:in `tagged'
activesupport (5.2.6) lib/active_support/tagged_logging.rb:71:in `tagged'
railties (5.2.6) lib/rails/rack/logger.rb:26:in `call'
sprockets-rails (3.2.2) lib/sprockets/rails/quiet_assets.rb:13:in `call'
actionpack (5.2.6) lib/action_dispatch/middleware/remote_ip.rb:81:in `call'
actionpack (5.2.6) lib/action_dispatch/middleware/request_id.rb:27:in `call'
rack (2.2.3) lib/rack/method_override.rb:24:in `call'
rack (2.2.3) lib/rack/runtime.rb:22:in `call'
activesupport (5.2.6) lib/active_support/cache/strategy/local_cache_middleware.rb:29:in `call'
actionpack (5.2.6) lib/action_dispatch/middleware/executor.rb:14:in `call'
actionpack (5.2.6) lib/action_dispatch/middleware/static.rb:127:in `call'
rack (2.2.3) lib/rack/sendfile.rb:110:in `call'
railties (5.2.6) lib/rails/engine.rb:524:in `call'
puma (3.12.6) lib/puma/configuration.rb:227:in `call'
puma (3.12.6) lib/puma/server.rb:706:in `handle_request'
puma (3.12.6) lib/puma/server.rb:476:in `process_client'
puma (3.12.6) lib/puma/server.rb:334:in `block in run'
puma (3.12.6) lib/puma/thread_pool.rb:135:in `block in spawn_thread'
  [1m[35m (27.8ms)[0m  [1m[35mCREATE TABLE "schema_migrations" ("version" character varying NOT NULL PRIMARY KEY)[0m
  ↳ bin/rails:9
  [1m[35m (55.1ms)[0m  [1m[35mCREATE TABLE "ar_internal_metadata" ("key" character varying NOT NULL PRIMARY KEY, "value" character varying, "created_at" timestamp NOT NULL, "updated_at" timestamp NOT NULL)[0m
  ↳ bin/rails:9
  [1m[35m (0.4ms)[0m  [1m[34mSELECT pg_try_advisory_lock(3322438552325991840)[0m
  ↳ bin/rails:9
  [1m[35m (0.8ms)[0m  [1m[34mSELECT "schema_migrations"."version" FROM "schema_migrations" ORDER BY "schema_migrations"."version" ASC[0m
  ↳ bin/rails:9
Migrating to CreateUsers (20210818204045)
  [1m[35m (0.2ms)[0m  [1m[35mBEGIN[0m
  ↳ bin/rails:9
  [1m[35m (77.1ms)[0m  [1m[35mCREATE TABLE "users" ("id" bigserial primary key, "username" character varying NOT NULL, "password_digest" character varying NOT NULL, "session_token" character varying NOT NULL, "created_at" timestamp NOT NULL, "updated_at" timestamp NOT NULL)[0m
  ↳ db/migrate/20210818204045_create_users.rb:3
  [1m[35m (3.3ms)[0m  [1m[35mCREATE UNIQUE INDEX  "index_users_on_username" ON "users"  ("username")[0m
  ↳ db/migrate/20210818204045_create_users.rb:9
  [1m[35m (2.6ms)[0m  [1m[35mCREATE  INDEX  "index_users_on_password_digest" ON "users"  ("password_digest")[0m
  ↳ db/migrate/20210818204045_create_users.rb:10
  [1m[35m (4.1ms)[0m  [1m[35mCREATE UNIQUE INDEX  "index_users_on_session_token" ON "users"  ("session_token")[0m
  ↳ db/migrate/20210818204045_create_users.rb:11
  [1m[36mActiveRecord::SchemaMigration Create (1.4ms)[0m  [1m[32mINSERT INTO "schema_migrations" ("version") VALUES ($1) RETURNING "version"[0m  [["version", "20210818204045"]]
  ↳ bin/rails:9
  [1m[35m (4.5ms)[0m  [1m[35mCOMMIT[0m
  ↳ bin/rails:9
  [1m[36mActiveRecord::InternalMetadata Load (0.9ms)[0m  [1m[34mSELECT  "ar_internal_metadata".* FROM "ar_internal_metadata" WHERE "ar_internal_metadata"."key" = $1 LIMIT $2[0m  [["key", "environment"], ["LIMIT", 1]]
  ↳ bin/rails:9
  [1m[35m (0.2ms)[0m  [1m[35mBEGIN[0m
  ↳ bin/rails:9
  [1m[36mActiveRecord::InternalMetadata Create (0.6ms)[0m  [1m[32mINSERT INTO "ar_internal_metadata" ("key", "value", "created_at", "updated_at") VALUES ($1, $2, $3, $4) RETURNING "key"[0m  [["key", "environment"], ["value", "development"], ["created_at", "2021-08-18 23:12:15.602325"], ["updated_at", "2021-08-18 23:12:15.602325"]]
  ↳ bin/rails:9
  [1m[35m (43.7ms)[0m  [1m[35mCOMMIT[0m
  ↳ bin/rails:9
  [1m[35m (0.5ms)[0m  [1m[34mSELECT pg_advisory_unlock(3322438552325991840)[0m
  ↳ bin/rails:9
  [1m[35m (0.5ms)[0m  [1m[34mSELECT "schema_migrations"."version" FROM "schema_migrations" ORDER BY "schema_migrations"."version" ASC[0m
  ↳ bin/rails:9
Started GET "/users/new" for ::1 at 2021-08-18 16:12:34 -0700
  [1m[35m (24.6ms)[0m  [1m[34mSELECT "schema_migrations"."version" FROM "schema_migrations" ORDER BY "schema_migrations"."version" ASC[0m
  ↳ /Users/jasonkim/.rbenv/versions/2.5.1/lib/ruby/gems/2.5.0/gems/activerecord-5.2.6/lib/active_record/log_subscriber.rb:98
Processing by UsersController#new as HTML
  Rendering users/new.html.erb within layouts/application
  Rendered users/new.html.erb within layouts/application (3.2ms)
Completed 200 OK in 1990ms (Views: 1923.8ms | ActiveRecord: 31.3ms)


Started POST "/users" for ::1 at 2021-08-18 16:12:44 -0700
Processing by UsersController#create as HTML
  Parameters: {"authenticity_token"=>"WFexUIFDRSDQvEGaeSpt6xb1FJqLv4cduYJkx0Z+KbR4F3NHRGY0RqhIGTFtyfL/MlKywsg1/8deuLJB49ZFEQ==", "user"=>{"username"=>"jason", "password"=>"[FILTERED]"}}
  [1m[35m (57.4ms)[0m  [1m[35mBEGIN[0m
  ↳ app/controllers/users_controller.rb:16
  [1m[36mUser Exists (46.7ms)[0m  [1m[34mSELECT  1 AS one FROM "users" WHERE "users"."username" = $1 LIMIT $2[0m  [["username", "jason"], ["LIMIT", 1]]
  ↳ app/controllers/users_controller.rb:16
  [1m[36mUser Create (7.8ms)[0m  [1m[32mINSERT INTO "users" ("username", "password_digest", "session_token", "created_at", "updated_at") VALUES ($1, $2, $3, $4, $5) RETURNING "id"[0m  [["username", "jason"], ["password_digest", "$2a$12$VkhZCkaoE2/5AIbjdY6rYegJgraPpp6hGGOt0fIdqt2q7L5fA3lOW"], ["session_token", "k-EA3Vz-mkYTxGys3lRP2g"], ["created_at", "2021-08-18 23:12:45.441786"], ["updated_at", "2021-08-18 23:12:45.441786"]]
  ↳ app/controllers/users_controller.rb:16
  [1m[35m (8.8ms)[0m  [1m[35mCOMMIT[0m
  ↳ app/controllers/users_controller.rb:16
  [1m[35m (0.2ms)[0m  [1m[35mBEGIN[0m
  ↳ app/models/user.rb:33
  [1m[36mUser Exists (1.3ms)[0m  [1m[34mSELECT  1 AS one FROM "users" WHERE "users"."username" = $1 AND "users"."id" != $2 LIMIT $3[0m  [["username", "jason"], ["id", 1], ["LIMIT", 1]]
  ↳ app/models/user.rb:33
  [1m[36mUser Update (1.4ms)[0m  [1m[33mUPDATE "users" SET "session_token" = $1, "updated_at" = $2 WHERE "users"."id" = $3[0m  [["session_token", "NesQoqbVX3jr0OIXIf7Eiw"], ["updated_at", "2021-08-18 23:12:45.729092"], ["id", 1]]
  ↳ app/models/user.rb:33
  [1m[35m (5.7ms)[0m  [1m[35mCOMMIT[0m
  ↳ app/models/user.rb:33
Completed 200 OK in 1192ms (Views: 1.1ms | ActiveRecord: 129.4ms)


Started POST "/users" for ::1 at 2021-08-18 16:13:24 -0700
Processing by UsersController#create as HTML
  Parameters: {"authenticity_token"=>"WFexUIFDRSDQvEGaeSpt6xb1FJqLv4cduYJkx0Z+KbR4F3NHRGY0RqhIGTFtyfL/MlKywsg1/8deuLJB49ZFEQ==", "user"=>{"username"=>"jason", "password"=>"[FILTERED]"}}
  [1m[35m (0.2ms)[0m  [1m[35mBEGIN[0m
  ↳ app/controllers/users_controller.rb:16
  [1m[36mUser Exists (0.7ms)[0m  [1m[34mSELECT  1 AS one FROM "users" WHERE "users"."username" = $1 LIMIT $2[0m  [["username", "jason"], ["LIMIT", 1]]
  ↳ app/controllers/users_controller.rb:16
  [1m[35m (0.8ms)[0m  [1m[31mROLLBACK[0m
  ↳ app/controllers/users_controller.rb:16
Completed 200 OK in 706ms (Views: 0.9ms | ActiveRecord: 33.8ms)


Started POST "/users" for ::1 at 2021-08-18 16:13:46 -0700
Processing by UsersController#create as HTML
  Parameters: {"authenticity_token"=>"WFexUIFDRSDQvEGaeSpt6xb1FJqLv4cduYJkx0Z+KbR4F3NHRGY0RqhIGTFtyfL/MlKywsg1/8deuLJB49ZFEQ==", "user"=>{"username"=>"jason", "password"=>"[FILTERED]"}}
  [1m[35m (42.0ms)[0m  [1m[35mBEGIN[0m
  ↳ app/controllers/users_controller.rb:16
  [1m[36mUser Exists (25.9ms)[0m  [1m[34mSELECT  1 AS one FROM "users" WHERE "users"."username" = $1 LIMIT $2[0m  [["username", "jason"], ["LIMIT", 1]]
  ↳ app/controllers/users_controller.rb:16
  [1m[35m (3.5ms)[0m  [1m[31mROLLBACK[0m
  ↳ app/controllers/users_controller.rb:16
  Rendering users/new.html.erb within layouts/application
  Rendered users/new.html.erb within layouts/application (1.1ms)
Completed 200 OK in 1157ms (Views: 292.4ms | ActiveRecord: 151.9ms)


Started GET "/users" for ::1 at 2021-08-18 16:15:33 -0700
Processing by UsersController#index as HTML
  Rendering users/index.html.erb within layouts/application
  Rendered users/index.html.erb within layouts/application (0.4ms)
Completed 200 OK in 399ms (Views: 338.4ms | ActiveRecord: 0.0ms)


Started GET "/users/new" for ::1 at 2021-08-18 16:15:39 -0700
Processing by UsersController#new as HTML
  Rendering users/new.html.erb within layouts/application
  Rendered users/new.html.erb within layouts/application (6.2ms)
Completed 200 OK in 268ms (Views: 169.9ms | ActiveRecord: 71.6ms)


Started POST "/users" for ::1 at 2021-08-18 16:15:45 -0700
Processing by UsersController#create as HTML
  Parameters: {"authenticity_token"=>"vCkWdd8j/5SJTy77gkiQkJ3GnZEdW8hr/1gfDNNbOvycadRiGgaO8vG7dlCWqw+EuWE7yV7RsLEYYsmKdvNWWQ==", "user"=>{"username"=>"jason", "password"=>"[FILTERED]"}}
  [1m[35m (10.5ms)[0m  [1m[35mBEGIN[0m
  ↳ app/controllers/users_controller.rb:16
  [1m[36mUser Exists (6.3ms)[0m  [1m[34mSELECT  1 AS one FROM "users" WHERE "users"."username" = $1 LIMIT $2[0m  [["username", "jason"], ["LIMIT", 1]]
  ↳ app/controllers/users_controller.rb:16
  [1m[35m (0.8ms)[0m  [1m[31mROLLBACK[0m
  ↳ app/controllers/users_controller.rb:16
  Rendering users/new.html.erb within layouts/application
  Rendered users/new.html.erb within layouts/application (1.7ms)
Completed 200 OK in 1047ms (Views: 161.4ms | ActiveRecord: 17.6ms)


Started GET "/users" for ::1 at 2021-08-18 16:17:17 -0700
Processing by UsersController#index as HTML
  Rendering users/index.html.erb within layouts/application
  Rendered users/index.html.erb within layouts/application (49.2ms)
Completed 200 OK in 280ms (Views: 233.4ms | ActiveRecord: 0.0ms)


Started GET "/users/new" for ::1 at 2021-08-18 16:17:24 -0700
Processing by UsersController#new as HTML
  Rendering users/new.html.erb within layouts/application
  Rendered users/new.html.erb within layouts/application (17.3ms)
Completed 200 OK in 325ms (Views: 264.8ms | ActiveRecord: 47.7ms)


Started POST "/users" for ::1 at 2021-08-18 16:17:31 -0700
Processing by UsersController#create as HTML
  Parameters: {"authenticity_token"=>"XSNkAVJqmhM7o+nNwM00DpSOE2Nprb/NLiGlIA9mLKB9Y6YWl0/rdUNXsWbULqsasCm1OyonxxfJG3Omqs5ABQ==", "user"=>{"username"=>"mason", "password"=>"[FILTERED]"}}
  [1m[35m (1.5ms)[0m  [1m[35mBEGIN[0m
  ↳ app/controllers/users_controller.rb:16
  [1m[36mUser Exists (89.5ms)[0m  [1m[34mSELECT  1 AS one FROM "users" WHERE "users"."username" = $1 LIMIT $2[0m  [["username", "mason"], ["LIMIT", 1]]
  ↳ app/controllers/users_controller.rb:16
  [1m[36mUser Create (1.0ms)[0m  [1m[32mINSERT INTO "users" ("username", "password_digest", "session_token", "created_at", "updated_at") VALUES ($1, $2, $3, $4, $5) RETURNING "id"[0m  [["username", "mason"], ["password_digest", "$2a$12$HiaX4UuhhbitQtQkl7yihOXdT2p/5ndPRv0CKeNox2df/buj/ME0."], ["session_token", "lDugIJt4d7dZiCYQGwMXWw"], ["created_at", "2021-08-18 23:17:32.384715"], ["updated_at", "2021-08-18 23:17:32.384715"]]
  ↳ app/controllers/users_controller.rb:16
  [1m[35m (33.8ms)[0m  [1m[35mCOMMIT[0m
  ↳ app/controllers/users_controller.rb:16
  [1m[35m (21.1ms)[0m  [1m[35mBEGIN[0m
  ↳ app/models/user.rb:33
  [1m[36mUser Exists (1.8ms)[0m  [1m[34mSELECT  1 AS one FROM "users" WHERE "users"."username" = $1 AND "users"."id" != $2 LIMIT $3[0m  [["username", "mason"], ["id", 2], ["LIMIT", 1]]
  ↳ app/models/user.rb:33
  [1m[36mUser Update (0.9ms)[0m  [1m[33mUPDATE "users" SET "session_token" = $1, "updated_at" = $2 WHERE "users"."id" = $3[0m  [["session_token", "O3ZQZXNPMKq9VjE8mdWa6Q"], ["updated_at", "2021-08-18 23:17:32.489597"], ["id", 2]]
  ↳ app/models/user.rb:33
  [1m[35m (1.4ms)[0m  [1m[35mCOMMIT[0m
  ↳ app/models/user.rb:33
Redirected to http://localhost:3000/users/2
Completed 302 Found in 1063ms (ActiveRecord: 151.1ms)


Started GET "/users/2" for ::1 at 2021-08-18 16:17:32 -0700
Processing by UsersController#show as HTML
  Parameters: {"id"=>"2"}
  [1m[36mUser Load (0.6ms)[0m  [1m[34mSELECT  "users".* FROM "users" WHERE "users"."id" = $1 LIMIT $2[0m  [["id", 2], ["LIMIT", 1]]
  ↳ app/controllers/users_controller.rb:28
  Rendering users/show.html.erb within layouts/application
  Rendered users/show.html.erb within layouts/application (2.8ms)
Completed 200 OK in 165ms (Views: 122.1ms | ActiveRecord: 1.5ms)


Started POST "/users" for ::1 at 2021-08-18 16:19:10 -0700
Processing by UsersController#create as HTML
  Parameters: {"authenticity_token"=>"XSNkAVJqmhM7o+nNwM00DpSOE2Nprb/NLiGlIA9mLKB9Y6YWl0/rdUNXsWbULqsasCm1OyonxxfJG3Omqs5ABQ==", "user"=>{"username"=>"mason", "password"=>"[FILTERED]"}}
  [1m[35m (58.3ms)[0m  [1m[35mBEGIN[0m
  ↳ app/controllers/users_controller.rb:16
  [1m[36mUser Exists (16.4ms)[0m  [1m[34mSELECT  1 AS one FROM "users" WHERE "users"."username" = $1 LIMIT $2[0m  [["username", "mason"], ["LIMIT", 1]]
  ↳ app/controllers/users_controller.rb:16
  [1m[35m (4.5ms)[0m  [1m[31mROLLBACK[0m
  ↳ app/controllers/users_controller.rb:16
  Rendering users/new.html.erb within layouts/application
  Rendered users/new.html.erb within layouts/application (2.4ms)
Completed 200 OK in 1050ms (Views: 290.0ms | ActiveRecord: 79.2ms)


Started POST "/users" for ::1 at 2021-08-18 16:19:27 -0700
Processing by UsersController#create as HTML
  Parameters: {"authenticity_token"=>"tem6wm4Sc7lH6EKUytHdbQGluxVtTfPtsSXFjIEUmKeVqXjVqzcC3z8cGj/eMkJ5JQIdTS7HizdWHxMKJLz0Ag==", "user"=>{"username"=>"jason", "password"=>"[FILTERED]"}}
  [1m[35m (4.0ms)[0m  [1m[35mBEGIN[0m
  ↳ app/controllers/users_controller.rb:16
  [1m[36mUser Exists (0.6ms)[0m  [1m[34mSELECT  1 AS one FROM "users" WHERE "users"."username" = $1 LIMIT $2[0m  [["username", "jason"], ["LIMIT", 1]]
  ↳ app/controllers/users_controller.rb:16
  [1m[35m (1.2ms)[0m  [1m[31mROLLBACK[0m
  ↳ app/controllers/users_controller.rb:16
  Rendering users/new.html.erb within layouts/application
  Rendered users/new.html.erb within layouts/application (2.9ms)
Completed 200 OK in 847ms (Views: 171.6ms | ActiveRecord: 51.0ms)


Started POST "/users" for ::1 at 2021-08-18 16:20:12 -0700
Processing by UsersController#create as HTML
  Parameters: {"authenticity_token"=>"dTJ4xwDZ+DazbUyki6ofkAtWIUt4bnJRdpNWyOAh2CFVcrrQxfyJUMuZFA+fSYCEL/GHEzvkCouRqYBORYm0hA==", "user"=>{"username"=>"jason", "password"=>"[FILTERED]"}}
  [1m[35m (10.9ms)[0m  [1m[35mBEGIN[0m
  ↳ app/controllers/users_controller.rb:16
  [1m[36mUser Exists (0.5ms)[0m  [1m[34mSELECT  1 AS one FROM "users" WHERE "users"."username" = $1 LIMIT $2[0m  [["username", "jason"], ["LIMIT", 1]]
  ↳ app/controllers/users_controller.rb:16
  [1m[35m (0.3ms)[0m  [1m[31mROLLBACK[0m
  ↳ app/controllers/users_controller.rb:16
  Rendering users/new.html.erb within layouts/application
  Rendered users/new.html.erb within layouts/application (3.0ms)
Completed 200 OK in 1025ms (Views: 290.9ms | ActiveRecord: 30.0ms)


Started GET "/users" for ::1 at 2021-08-18 16:23:15 -0700
Processing by UsersController#index as HTML
  Rendering users/index.html.erb within layouts/application
  Rendered users/index.html.erb within layouts/application (0.7ms)
Completed 200 OK in 273ms (Views: 271.7ms | ActiveRecord: 0.0ms)


Started GET "/users/new" for ::1 at 2021-08-18 16:23:19 -0700
Processing by UsersController#new as HTML
  Rendering users/new.html.erb within layouts/application
  Rendered users/new.html.erb within layouts/application (1.5ms)
Completed 200 OK in 546ms (Views: 525.6ms | ActiveRecord: 0.0ms)


Started POST "/users" for ::1 at 2021-08-18 16:23:22 -0700
Processing by UsersController#create as HTML
  Parameters: {"authenticity_token"=>"W/L+vib+eyvmAoYOsQt3+Q6IvqO6KGRKJu8VA+1dYHF7sjyp49sKTZ723qWl6OjtKi8Y+/miHJDB1cOFSPUM1A==", "user"=>{"username"=>"jason", "password"=>"[FILTERED]"}}
  [1m[35m (59.4ms)[0m  [1m[35mBEGIN[0m
  ↳ app/controllers/users_controller.rb:16
  [1m[36mUser Exists (1.9ms)[0m  [1m[34mSELECT  1 AS one FROM "users" WHERE "users"."username" = $1 LIMIT $2[0m  [["username", "jason"], ["LIMIT", 1]]
  ↳ app/controllers/users_controller.rb:16
  [1m[35m (4.0ms)[0m  [1m[31mROLLBACK[0m
  ↳ app/controllers/users_controller.rb:16
  Rendering users/new.html.erb within layouts/application
  Rendered users/new.html.erb within layouts/application (1.1ms)
Completed 200 OK in 1698ms (Views: 299.9ms | ActiveRecord: 65.4ms)


Started GET "/users/new" for ::1 at 2021-08-18 16:25:13 -0700
Processing by UsersController#new as HTML
  Rendering users/new.html.erb within layouts/application
  Rendered users/new.html.erb within layouts/application (9.1ms)
Completed 500 Internal Server Error in 39ms (ActiveRecord: 0.0ms)


  
ActionView::Template::Error (undefined method `each' for nil:NilClass):
    2: 
    3: <h1>Sign Up!<h1>
    4: 
    5: <% flash[:errors].each do |error|%>
    6:   <ul>
    7:     <li><%= error %></li>
    8:   </ul>
  
app/views/users/new.html.erb:5:in `_app_views_users_new_html_erb___2994438170432136898_70301397399620'
app/controllers/users_controller.rb:5:in `new'
Started GET "/users/new" for ::1 at 2021-08-18 16:25:37 -0700
Processing by UsersController#new as HTML
  Rendering users/new.html.erb within layouts/application
  Rendered users/new.html.erb within layouts/application (1.2ms)
Completed 500 Internal Server Error in 38ms (ActiveRecord: 0.0ms)


  
SyntaxError (/Users/jasonkim/Desktop/git_clonez/aa_classwork/WEEK_7/w7d3/goals_app/app/views/users/new.html.erb:25: syntax error, unexpected keyword_ensure, expecting keyword_end
          ensure
          ^~~~~~
/Users/jasonkim/Desktop/git_clonez/aa_classwork/WEEK_7/w7d3/goals_app/app/views/users/new.html.erb:27: syntax error, unexpected end-of-input, expecting keyword_end
          end
             ^):
  
app/views/users/new.html.erb:25: syntax error, unexpected keyword_ensure, expecting keyword_end
app/views/users/new.html.erb:27: syntax error, unexpected end-of-input, expecting keyword_end
app/controllers/users_controller.rb:5:in `new'
Started GET "/users/new" for ::1 at 2021-08-18 16:26:31 -0700
Processing by UsersController#new as HTML
  Rendering users/new.html.erb within layouts/application
  Rendered users/new.html.erb within layouts/application (2.0ms)
Completed 200 OK in 508ms (Views: 507.2ms | ActiveRecord: 0.0ms)


Started POST "/users" for ::1 at 2021-08-18 16:26:37 -0700
Processing by UsersController#create as HTML
  Parameters: {"authenticity_token"=>"e7wjrQXIKzjU8fq5951MDM5czz5PFLTFck2iIcQLNrhb/OG6wO1aXqwFohLjftMY6vtpZgyezB+Vd3SnYaNaHQ==", "user"=>{"username"=>"jason", "password"=>"[FILTERED]"}}
  [1m[35m (51.5ms)[0m  [1m[35mBEGIN[0m
  ↳ app/controllers/users_controller.rb:16
  [1m[36mUser Exists (85.7ms)[0m  [1m[34mSELECT  1 AS one FROM "users" WHERE "users"."username" = $1 LIMIT $2[0m  [["username", "jason"], ["LIMIT", 1]]
  ↳ app/controllers/users_controller.rb:16
  [1m[35m (4.0ms)[0m  [1m[31mROLLBACK[0m
  ↳ app/controllers/users_controller.rb:16
  Rendering users/new.html.erb within layouts/application
  Rendered users/new.html.erb within layouts/application (4.3ms)
Completed 200 OK in 1346ms (Views: 222.6ms | ActiveRecord: 141.2ms)


Started GET "/users" for ::1 at 2021-08-18 16:28:57 -0700
Processing by UsersController#index as HTML
  Rendering users/index.html.erb within layouts/application
  Rendered users/index.html.erb within layouts/application (0.4ms)
Completed 200 OK in 199ms (Views: 198.2ms | ActiveRecord: 0.0ms)


Started GET "/users/new" for ::1 at 2021-08-18 16:29:00 -0700
Processing by UsersController#new as HTML
  Rendering users/new.html.erb within layouts/application
  Rendered users/new.html.erb within layouts/application (2.6ms)
Completed 200 OK in 478ms (Views: 476.8ms | ActiveRecord: 0.0ms)


Started POST "/users" for ::1 at 2021-08-18 16:29:06 -0700
Processing by UsersController#create as HTML
  Parameters: {"authenticity_token"=>"ZV72hd4TrO9VtAXej8Rdxz0BiWjIbxg70DbWx9e+wN1FHjSSGzbdiS1AXXWbJ8LTGaYvMIvlYOE3DABBchaseA==", "user"=>{"username"=>"jason", "password"=>"[FILTERED]"}}
  [1m[35m (0.6ms)[0m  [1m[35mBEGIN[0m
  ↳ app/controllers/users_controller.rb:16
  [1m[36mUser Exists (9.3ms)[0m  [1m[34mSELECT  1 AS one FROM "users" WHERE "users"."username" = $1 LIMIT $2[0m  [["username", "jason"], ["LIMIT", 1]]
  ↳ app/controllers/users_controller.rb:16
  [1m[35m (7.8ms)[0m  [1m[31mROLLBACK[0m
  ↳ app/controllers/users_controller.rb:16
  Rendering users/new.html.erb within layouts/application
  Rendered users/new.html.erb within layouts/application (2.9ms)
Completed 200 OK in 1914ms (Views: 355.1ms | ActiveRecord: 17.6ms)


Started GET "/users/new" for ::1 at 2021-08-18 16:29:21 -0700
Processing by UsersController#new as HTML
  Rendering users/new.html.erb within layouts/application
  Rendered users/new.html.erb within layouts/application (1.9ms)
Completed 200 OK in 382ms (Views: 379.7ms | ActiveRecord: 0.0ms)


Started POST "/users" for ::1 at 2021-08-18 16:29:26 -0700
Processing by UsersController#create as HTML
  Parameters: {"authenticity_token"=>"gy9AfcpgXmlXoHC6XyA8eKFg6J7/u2qp4gL1r4rlgLKjb4JqD0UvDy9UKBFLw6NshcdOxrwxEnMFOCMpL03sFw==", "user"=>{"username"=>"jason", "password"=>"[FILTERED]"}}
  [1m[35m (166.9ms)[0m  [1m[35mBEGIN[0m
  ↳ app/controllers/users_controller.rb:16
  [1m[36mUser Exists (66.1ms)[0m  [1m[34mSELECT  1 AS one FROM "users" WHERE "users"."username" = $1 LIMIT $2[0m  [["username", "jason"], ["LIMIT", 1]]
  ↳ app/controllers/users_controller.rb:16
  [1m[35m (96.3ms)[0m  [1m[31mROLLBACK[0m
  ↳ app/controllers/users_controller.rb:16
  Rendering users/new.html.erb within layouts/application
  Rendered users/new.html.erb within layouts/application (3.8ms)
Completed 200 OK in 3055ms (Views: 268.9ms | ActiveRecord: 329.4ms)


Started GET "/users/1" for ::1 at 2021-08-18 16:31:42 -0700
Processing by UsersController#show as HTML
  Parameters: {"id"=>"1"}
  [1m[36mUser Load (43.0ms)[0m  [1m[34mSELECT  "users".* FROM "users" WHERE "users"."id" = $1 LIMIT $2[0m  [["id", 1], ["LIMIT", 1]]
  ↳ app/controllers/users_controller.rb:28
  Rendering users/show.html.erb within layouts/application
  Rendered users/show.html.erb within layouts/application (3147.2ms)
Completed 500 Internal Server Error in 3256ms (ActiveRecord: 43.0ms)


  
ActionView::Template::Error (undefined local variable or method `user' for #<#<Class:0x00007fe0a3aac7e8>:0x00007fe09e768028>
Did you mean?  @user):
    1: <h1>this is the show page <h1>
    2: 
    3:   <p><%= user.username %></p>
  
app/views/users/show.html.erb:3:in `_app_views_users_show_html_erb___963268755961586231_70301353968820'
app/controllers/users_controller.rb:29:in `show'
Started GET "/users/1" for ::1 at 2021-08-18 16:32:05 -0700
Processing by UsersController#show as HTML
  Parameters: {"id"=>"1"}
  [1m[36mUser Load (29.7ms)[0m  [1m[34mSELECT  "users".* FROM "users" WHERE "users"."id" = $1 LIMIT $2[0m  [["id", 1], ["LIMIT", 1]]
  ↳ app/controllers/users_controller.rb:28
  Rendering users/show.html.erb within layouts/application
  Rendered users/show.html.erb within layouts/application (0.5ms)
Completed 200 OK in 302ms (Views: 267.6ms | ActiveRecord: 29.7ms)


Started GET "/users/new" for ::1 at 2021-08-18 16:35:02 -0700
Processing by UsersController#new as HTML
  Rendering users/new.html.erb within layouts/application
  Rendered users/new.html.erb within layouts/application (1.4ms)
Completed 200 OK in 259ms (Views: 256.0ms | ActiveRecord: 0.0ms)


Started GET "/users/new" for ::1 at 2021-08-18 16:35:09 -0700
Processing by UsersController#new as HTML
  Rendering users/new.html.erb within layouts/application
  Rendered users/new.html.erb within layouts/application (0.9ms)
Completed 200 OK in 289ms (Views: 287.6ms | ActiveRecord: 0.0ms)


Started GET "/users/new" for ::1 at 2021-08-18 16:35:42 -0700
Processing by UsersController#new as HTML
  Rendering users/new.html.erb within layouts/application
  Rendered users/new.html.erb within layouts/application (6.5ms)
Completed 200 OK in 269ms (Views: 267.5ms | ActiveRecord: 0.0ms)


Started GET "/users/new" for ::1 at 2021-08-18 16:42:36 -0700
Processing by UsersController#new as HTML
  Rendering users/new.html.erb within layouts/application
  Rendered users/new.html.erb within layouts/application (3.1ms)
  [1m[36mUser Load (1.9ms)[0m  [1m[34mSELECT  "users".* FROM "users" WHERE "users"."session_token" = $1 LIMIT $2[0m  [["session_token", "O3ZQZXNPMKq9VjE8mdWa6Q"], ["LIMIT", 1]]
  ↳ app/controllers/application_controller.rb:6
Completed 500 Internal Server Error in 3950ms (ActiveRecord: 292.7ms)


  
ActionView::Template::Error (undefined local variable or method `session_url' for #<#<Class:0x00007fe0a3aac7e8>:0x00007fe0a4be7378>
Did you mean?  session):
    17:     <div>
    18:       <% if logged_in? %>
    19:         <h3>Welcome, <%= current_user.username %></h3>
    20:         <!-- <form action="<%=session_url%>" method="POST">
    21:           <%= auth_token%>
    22:           <input type="hidden" name="_method" value='delete'>
    23:           <input type="submit" value="Logout">
  
app/views/layouts/application.html.erb:20:in `_app_views_layouts_application_html_erb__2571384387720413837_70301393050360'
app/controllers/users_controller.rb:5:in `new'
Started GET "/users/new" for ::1 at 2021-08-18 16:43:06 -0700
Processing by UsersController#new as HTML
  Rendering users/new.html.erb within layouts/application
  Rendered users/new.html.erb within layouts/application (4.2ms)
Completed 500 Internal Server Error in 130ms (ActiveRecord: 0.0ms)


  
SyntaxError (/Users/jasonkim/Desktop/git_clonez/aa_classwork/WEEK_7/w7d3/goals_app/app/views/layouts/application.html.erb:22: syntax error, unexpected '<'
          <input type="hidden" name="_me...
          ^
/Users/jasonkim/Desktop/git_clonez/aa_classwork/WEEK_7/w7d3/goals_app/app/views/layouts/application.html.erb:22: syntax error, unexpected tIDENTIFIER, expecting ')'
...      <input type="hidden" name="_method" value=\'delete\'>
...                           ^~~~
/Users/jasonkim/Desktop/git_clonez/aa_classwork/WEEK_7/w7d3/goals_app/app/views/layouts/application.html.erb:22: syntax error, unexpected tIDENTIFIER, expecting ')'
...e="hidden" name="_method" value=\'delete\'>
...                          ^~~~~
/Users/jasonkim/Desktop/git_clonez/aa_classwork/WEEK_7/w7d3/goals_app/app/views/layouts/application.html.erb:25: syntax error, unexpected keyword_else, expecting ')'
'.freeze;       else 
                ^~~~
/Users/jasonkim/Desktop/git_clonez/aa_classwork/WEEK_7/w7d3/goals_app/app/views/layouts/application.html.erb:30: syntax error, unexpected '<', expecting ')'
    </div>
    ^
/Users/jasonkim/Desktop/git_clonez/aa_classwork/WEEK_7/w7d3/goals_app/app/views/layouts/application.html.erb:33: unknown regexp options - bdy
/Users/jasonkim/Desktop/git_clonez/aa_classwork/WEEK_7/w7d3/goals_app/app/views/layouts/application.html.erb:34: syntax error, unexpected '<'
</html>
^
/Users/jasonkim/Desktop/git_clonez/aa_classwork/WEEK_7/w7d3/goals_app/app/views/layouts/application.html.erb:39: unterminated regexp meets end of file
          end
             ^
/Users/jasonkim/Desktop/git_clonez/aa_classwork/WEEK_7/w7d3/goals_app/app/views/layouts/application.html.erb:39: syntax error, unexpected end-of-input, expecting ')'
          end
             ^):
  
app/views/layouts/application.html.erb:22: syntax error, unexpected '<'
app/views/layouts/application.html.erb:22: syntax error, unexpected tIDENTIFIER, expecting ')'
app/views/layouts/application.html.erb:22: syntax error, unexpected tIDENTIFIER, expecting ')'
app/views/layouts/application.html.erb:25: syntax error, unexpected keyword_else, expecting ')'
app/views/layouts/application.html.erb:30: syntax error, unexpected '<', expecting ')'
app/views/layouts/application.html.erb:33: unknown regexp options - bdy
app/views/layouts/application.html.erb:34: syntax error, unexpected '<'
app/views/layouts/application.html.erb:39: unterminated regexp meets end of file
app/views/layouts/application.html.erb:39: syntax error, unexpected end-of-input, expecting ')'
app/controllers/users_controller.rb:5:in `new'
Started GET "/users/new" for ::1 at 2021-08-18 16:44:14 -0700
Processing by UsersController#new as HTML
  Rendering users/new.html.erb within layouts/application
  Rendered users/new.html.erb within layouts/application (1.5ms)
  [1m[36mUser Load (8.5ms)[0m  [1m[34mSELECT  "users".* FROM "users" WHERE "users"."session_token" = $1 LIMIT $2[0m  [["session_token", "O3ZQZXNPMKq9VjE8mdWa6Q"], ["LIMIT", 1]]
  ↳ app/controllers/application_controller.rb:6
Completed 200 OK in 389ms (Views: 378.3ms | ActiveRecord: 8.5ms)


Started GET "/users/1" for ::1 at 2021-08-18 16:44:35 -0700
Processing by UsersController#show as HTML
  Parameters: {"id"=>"1"}
  [1m[36mUser Load (1.4ms)[0m  [1m[34mSELECT  "users".* FROM "users" WHERE "users"."id" = $1 LIMIT $2[0m  [["id", 1], ["LIMIT", 1]]
  ↳ app/controllers/users_controller.rb:28
  Rendering users/show.html.erb within layouts/application
  Rendered users/show.html.erb within layouts/application (0.4ms)
  [1m[36mUser Load (15.9ms)[0m  [1m[34mSELECT  "users".* FROM "users" WHERE "users"."session_token" = $1 LIMIT $2[0m  [["session_token", "O3ZQZXNPMKq9VjE8mdWa6Q"], ["LIMIT", 1]]
  ↳ app/controllers/application_controller.rb:6
Completed 200 OK in 222ms (Views: 198.9ms | ActiveRecord: 17.3ms)


  [1m[35m (0.2ms)[0m  [1m[34mSELECT pg_try_advisory_lock(3322438552325991840)[0m
  ↳ bin/rails:9
  [1m[35m (1.5ms)[0m  [1m[34mSELECT "schema_migrations"."version" FROM "schema_migrations" ORDER BY "schema_migrations"."version" ASC[0m
  ↳ bin/rails:9
  [1m[36mActiveRecord::InternalMetadata Load (0.6ms)[0m  [1m[34mSELECT  "ar_internal_metadata".* FROM "ar_internal_metadata" WHERE "ar_internal_metadata"."key" = $1 LIMIT $2[0m  [["key", "environment"], ["LIMIT", 1]]
  ↳ bin/rails:9
  [1m[35m (0.3ms)[0m  [1m[35mBEGIN[0m
  ↳ bin/rails:9
  [1m[35m (0.2ms)[0m  [1m[35mCOMMIT[0m
  ↳ bin/rails:9
  [1m[35m (0.3ms)[0m  [1m[34mSELECT pg_advisory_unlock(3322438552325991840)[0m
  ↳ bin/rails:9
  [1m[35m (0.4ms)[0m  [1m[34mSELECT "schema_migrations"."version" FROM "schema_migrations" ORDER BY "schema_migrations"."version" ASC[0m
  ↳ bin/rails:9
  [1m[35m (0.7ms)[0m  [1m[34mSELECT "schema_migrations"."version" FROM "schema_migrations" ORDER BY "schema_migrations"."version" ASC[0m
  ↳ bin/rails:9
  [1m[35m (0.3ms)[0m  [1m[34mSELECT "ar_internal_metadata"."value" FROM "ar_internal_metadata" WHERE "ar_internal_metadata"."key" = $1[0m  [["key", "environment"]]
  ↳ bin/rails:9
  [1m[35m (0.3ms)[0m  [1m[34mSELECT "schema_migrations"."version" FROM "schema_migrations" ORDER BY "schema_migrations"."version" ASC[0m
  ↳ bin/rails:9
  [1m[35m (0.3ms)[0m  [1m[34mSELECT "ar_internal_metadata"."value" FROM "ar_internal_metadata" WHERE "ar_internal_metadata"."key" = $1[0m  [["key", "environment"]]
  ↳ bin/rails:9
  [1m[35m (0.3ms)[0m  [1m[34mSELECT "schema_migrations"."version" FROM "schema_migrations" ORDER BY "schema_migrations"."version" ASC[0m
  ↳ bin/rails:9
  [1m[35m (0.4ms)[0m  [1m[34mSELECT "ar_internal_metadata"."value" FROM "ar_internal_metadata" WHERE "ar_internal_metadata"."key" = $1[0m  [["key", "environment"]]
  ↳ bin/rails:9
  [1m[35m (25.1ms)[0m  [1m[35mDROP DATABASE IF EXISTS "goals_app_test"[0m
  ↳ bin/rails:9
  [1m[35m (390.7ms)[0m  [1m[35mCREATE DATABASE "goals_app_test" ENCODING = 'unicode'[0m
  ↳ bin/rails:9
  [1m[35mSQL (0.5ms)[0m  [1m[35mCREATE EXTENSION IF NOT EXISTS "plpgsql"[0m
  ↳ db/schema.rb:16
  [1m[35m (0.3ms)[0m  [1m[35mDROP TABLE IF EXISTS "users" CASCADE[0m
  ↳ db/schema.rb:18
  [1m[35m (14.2ms)[0m  [1m[35mCREATE TABLE "users" ("id" bigserial primary key, "username" character varying NOT NULL, "password_digest" character varying NOT NULL, "session_token" character varying NOT NULL, "created_at" timestamp NOT NULL, "updated_at" timestamp NOT NULL)[0m
  ↳ db/schema.rb:18
  [1m[35m (2.0ms)[0m  [1m[35mCREATE  INDEX  "index_users_on_password_digest" ON "users"  ("password_digest")[0m
  ↳ db/schema.rb:18
  [1m[35m (1.7ms)[0m  [1m[35mCREATE UNIQUE INDEX  "index_users_on_session_token" ON "users"  ("session_token")[0m
  ↳ db/schema.rb:18
  [1m[35m (1.4ms)[0m  [1m[35mCREATE UNIQUE INDEX  "index_users_on_username" ON "users"  ("username")[0m
  ↳ db/schema.rb:18
  [1m[35m (3.8ms)[0m  [1m[35mCREATE TABLE "schema_migrations" ("version" character varying NOT NULL PRIMARY KEY)[0m
  ↳ db/schema.rb:13
  [1m[35m (1.1ms)[0m  [1m[34mSELECT "schema_migrations"."version" FROM "schema_migrations" ORDER BY "schema_migrations"."version" ASC[0m
  ↳ db/schema.rb:13
  [1m[35m (1.2ms)[0m  [1m[32mINSERT INTO "schema_migrations" (version) VALUES (20210818204045)[0m
  ↳ db/schema.rb:13
  [1m[35m (5.3ms)[0m  [1m[35mCREATE TABLE "ar_internal_metadata" ("key" character varying NOT NULL PRIMARY KEY, "value" character varying, "created_at" timestamp NOT NULL, "updated_at" timestamp NOT NULL)[0m
  ↳ db/schema.rb:13
  [1m[36mActiveRecord::InternalMetadata Load (0.5ms)[0m  [1m[34mSELECT  "ar_internal_metadata".* FROM "ar_internal_metadata" WHERE "ar_internal_metadata"."key" = $1 LIMIT $2[0m  [["key", "environment"], ["LIMIT", 1]]
  ↳ db/schema.rb:13
  [1m[35m (0.2ms)[0m  [1m[35mBEGIN[0m
  ↳ db/schema.rb:13
  [1m[36mActiveRecord::InternalMetadata Create (0.8ms)[0m  [1m[32mINSERT INTO "ar_internal_metadata" ("key", "value", "created_at", "updated_at") VALUES ($1, $2, $3, $4) RETURNING "key"[0m  [["key", "environment"], ["value", "development"], ["created_at", "2021-08-19 00:02:49.498498"], ["updated_at", "2021-08-19 00:02:49.498498"]]
  ↳ db/schema.rb:13
  [1m[35m (0.3ms)[0m  [1m[35mCOMMIT[0m
  ↳ db/schema.rb:13
  [1m[36mActiveRecord::InternalMetadata Load (0.3ms)[0m  [1m[34mSELECT  "ar_internal_metadata".* FROM "ar_internal_metadata" WHERE "ar_internal_metadata"."key" = $1 LIMIT $2[0m  [["key", "environment"], ["LIMIT", 1]]
  ↳ bin/rails:9
  [1m[35m (0.1ms)[0m  [1m[35mBEGIN[0m
  ↳ bin/rails:9
  [1m[36mActiveRecord::InternalMetadata Update (0.7ms)[0m  [1m[33mUPDATE "ar_internal_metadata" SET "value" = $1, "updated_at" = $2 WHERE "ar_internal_metadata"."key" = $3[0m  [["value", "test"], ["updated_at", "2021-08-19 00:02:49.503758"], ["key", "environment"]]
  ↳ bin/rails:9
  [1m[35m (0.5ms)[0m  [1m[35mCOMMIT[0m
  ↳ bin/rails:9
Started GET "/users/new" for ::1 at 2021-08-18 17:25:09 -0700
  [1m[35m (2.0ms)[0m  [1m[34mSELECT "schema_migrations"."version" FROM "schema_migrations" ORDER BY "schema_migrations"."version" ASC[0m
  ↳ /Users/maisiebruno-tyne/.rbenv/versions/2.5.1/lib/ruby/gems/2.5.0/gems/activerecord-5.2.6/lib/active_record/log_subscriber.rb:98
Processing by UsersController#new as HTML
  Rendering users/new.html.erb within layouts/application
  Rendered users/new.html.erb within layouts/application (2.8ms)
  [1m[36mUser Load (20.0ms)[0m  [1m[34mSELECT  "users".* FROM "users" WHERE "users"."session_token" IS NULL LIMIT $1[0m  [["LIMIT", 1]]
  ↳ app/controllers/application_controller.rb:6
Completed 500 Internal Server Error in 1820ms (ActiveRecord: 31.1ms)


  
ActionView::Template::Error (undefined local variable or method `new_session_url' for #<#<Class:0x00007fed6c5796d8>:0x00007fed6c568c48>
Did you mean?  new_user_url):
    24:         </form>
    25:       <% else %>
    26:         <a href="<%= new_user_url %>">Sign up!</a>
    27:         <a href="<%= new_session_url %>">Log in!</a>
    28:       <% end %>
    29: 
    30:     </div>
  
app/views/layouts/application.html.erb:27:in `_app_views_layouts_application_html_erb___4465786641607462738_70328850874440'
app/controllers/users_controller.rb:5:in `new'
Started GET "/" for ::1 at 2021-08-18 17:25:18 -0700
Processing by Rails::WelcomeController#index as HTML
  Rendering /Users/maisiebruno-tyne/.rbenv/versions/2.5.1/lib/ruby/gems/2.5.0/gems/railties-5.2.6/lib/rails/templates/rails/welcome/index.html.erb
  Rendered /Users/maisiebruno-tyne/.rbenv/versions/2.5.1/lib/ruby/gems/2.5.0/gems/railties-5.2.6/lib/rails/templates/rails/welcome/index.html.erb (2.7ms)
Completed 200 OK in 29ms (Views: 12.0ms | ActiveRecord: 0.0ms)


Started GET "/goals_app" for ::1 at 2021-08-18 17:25:42 -0700
  
ActionController::RoutingError (No route matches [GET] "/goals_app"):
  
actionpack (5.2.6) lib/action_dispatch/middleware/debug_exceptions.rb:65:in `call'
web-console (3.7.0) lib/web_console/middleware.rb:135:in `call_app'
web-console (3.7.0) lib/web_console/middleware.rb:30:in `block in call'
web-console (3.7.0) lib/web_console/middleware.rb:20:in `catch'
web-console (3.7.0) lib/web_console/middleware.rb:20:in `call'
actionpack (5.2.6) lib/action_dispatch/middleware/show_exceptions.rb:33:in `call'
railties (5.2.6) lib/rails/rack/logger.rb:38:in `call_app'
railties (5.2.6) lib/rails/rack/logger.rb:26:in `block in call'
activesupport (5.2.6) lib/active_support/tagged_logging.rb:71:in `block in tagged'
activesupport (5.2.6) lib/active_support/tagged_logging.rb:28:in `tagged'
activesupport (5.2.6) lib/active_support/tagged_logging.rb:71:in `tagged'
railties (5.2.6) lib/rails/rack/logger.rb:26:in `call'
sprockets-rails (3.2.2) lib/sprockets/rails/quiet_assets.rb:13:in `call'
actionpack (5.2.6) lib/action_dispatch/middleware/remote_ip.rb:81:in `call'
actionpack (5.2.6) lib/action_dispatch/middleware/request_id.rb:27:in `call'
rack (2.2.3) lib/rack/method_override.rb:24:in `call'
rack (2.2.3) lib/rack/runtime.rb:22:in `call'
activesupport (5.2.6) lib/active_support/cache/strategy/local_cache_middleware.rb:29:in `call'
actionpack (5.2.6) lib/action_dispatch/middleware/executor.rb:14:in `call'
actionpack (5.2.6) lib/action_dispatch/middleware/static.rb:127:in `call'
rack (2.2.3) lib/rack/sendfile.rb:110:in `call'
railties (5.2.6) lib/rails/engine.rb:524:in `call'
puma (3.12.6) lib/puma/configuration.rb:227:in `call'
puma (3.12.6) lib/puma/server.rb:706:in `handle_request'
puma (3.12.6) lib/puma/server.rb:476:in `process_client'
puma (3.12.6) lib/puma/server.rb:334:in `block in run'
puma (3.12.6) lib/puma/thread_pool.rb:135:in `block in spawn_thread'
Started GET "/users" for ::1 at 2021-08-18 17:26:03 -0700
Processing by UsersController#index as HTML
  Rendering users/index.html.erb within layouts/application
  Rendered users/index.html.erb within layouts/application (0.4ms)
  [1m[36mUser Load (0.7ms)[0m  [1m[34mSELECT  "users".* FROM "users" WHERE "users"."session_token" IS NULL LIMIT $1[0m  [["LIMIT", 1]]
  ↳ app/controllers/application_controller.rb:6
  [1m[36mUser Load (0.3ms)[0m  [1m[34mSELECT  "users".* FROM "users" LIMIT $1[0m  [["LIMIT", 11]]
  ↳ app/controllers/users_controller.rb:10
  [1m[36mCACHE User Load (0.0ms)[0m  [1m[34mSELECT  "users".* FROM "users" LIMIT $1[0m  [["LIMIT", 11]]
  ↳ app/controllers/users_controller.rb:10
  [1m[36mCACHE User Load (0.1ms)[0m  [1m[34mSELECT  "users".* FROM "users" LIMIT $1[0m  [["LIMIT", 11]]
  ↳ app/controllers/users_controller.rb:10
  [1m[36mCACHE User Load (0.0ms)[0m  [1m[34mSELECT  "users".* FROM "users" LIMIT $1[0m  [["LIMIT", 11]]
  ↳ app/controllers/users_controller.rb:10
  [1m[36mCACHE User Load (0.1ms)[0m  [1m[34mSELECT  "users".* FROM "users" LIMIT $1[0m  [["LIMIT", 11]]
  ↳ app/controllers/users_controller.rb:10
  [1m[36mCACHE User Load (0.1ms)[0m  [1m[34mSELECT  "users".* FROM "users" LIMIT $1[0m  [["LIMIT", 11]]
  ↳ app/controllers/users_controller.rb:10
  [1m[36mCACHE User Load (0.0ms)[0m  [1m[34mSELECT  "users".* FROM "users" LIMIT $1[0m  [["LIMIT", 11]]
  ↳ app/controllers/users_controller.rb:10
  [1m[36mCACHE User Load (0.0ms)[0m  [1m[34mSELECT  "users".* FROM "users" LIMIT $1[0m  [["LIMIT", 11]]
  ↳ app/controllers/users_controller.rb:10
Completed 500 Internal Server Error in 932ms (ActiveRecord: 1.4ms)


  
ActionView::Template::Error (undefined local variable or method `new_session_url' for #<#<Class:0x00007fed6c5796d8>:0x00007fed6bc4d168>
Did you mean?  new_user_url):
    24:         </form>
    25:       <% else %>
    26:         <a href="<%= new_user_url %>">Sign up!</a>
    27:         <a href="<%= new_session_url %>">Log in!</a>
    28:       <% end %>
    29: 
    30:     </div>
  
app/views/layouts/application.html.erb:27:in `_app_views_layouts_application_html_erb___4465786641607462738_70328851778080'
app/controllers/users_controller.rb:10:in `index'
